0 info it worked if it ends with ok
1 verbose cli [ '/home/booker/.nvm/versions/node/v5.6.0/bin/node',
1 verbose cli   '/usr/bin/npm',
1 verbose cli   'run',
1 verbose cli   'commit',
1 verbose cli   'Update dotfiles' ]
2 info using npm@3.7.1
3 info using node@v5.6.0
4 verbose stack Error: missing script: commit
4 verbose stack     at run (/usr/lib/node_modules/npm/lib/run-script.js:147:19)
4 verbose stack     at /usr/lib/node_modules/npm/lib/run-script.js:57:5
4 verbose stack     at /usr/lib/node_modules/npm/node_modules/read-package-json/read-json.js:345:5
4 verbose stack     at checkBinReferences_ (/usr/lib/node_modules/npm/node_modules/read-package-json/read-json.js:309:45)
4 verbose stack     at final (/usr/lib/node_modules/npm/node_modules/read-package-json/read-json.js:343:3)
4 verbose stack     at then (/usr/lib/node_modules/npm/node_modules/read-package-json/read-json.js:113:5)
4 verbose stack     at ReadFileContext.<anonymous> (/usr/lib/node_modules/npm/node_modules/read-package-json/read-json.js:284:20)
4 verbose stack     at ReadFileContext.callback (/usr/lib/node_modules/npm/node_modules/graceful-fs/graceful-fs.js:76:16)
4 verbose stack     at FSReqWrap.readFileAfterOpen [as oncomplete] (fs.js:324:13)
5 verbose cwd /home/booker/Code/dotfiles
6 error Linux 4.4.1-2-ARCH
7 error argv "/home/booker/.nvm/versions/node/v5.6.0/bin/node" "/usr/bin/npm" "run" "commit" "Update dotfiles"
8 error node v5.6.0
9 error npm  v3.7.1
10 error missing script: commit
11 error If you need help, you may report this error at:
11 error     <https://github.com/npm/npm/issues>
12 verbose exit [ 1, true ]
